2021-07-04 21:07:230 INFO  BasePage :33 - Launching Chrome Browser 
2021-07-04 21:07:458 INFO  HomePage :19 - This will mouse hover on Buy + Sell Link [[ChromeDriver: chrome on WINDOWS (39c23ba0c59efe5d7f35cffd8baecc71)] -> xpath: //a[text()='buy + sell']]
2021-07-04 21:07:745 INFO  HomePage :23 - This will click on Search Cars Link [[ChromeDriver: chrome on WINDOWS (39c23ba0c59efe5d7f35cffd8baecc71)] -> xpath: //a[text()='Search Cars']]
2021-07-04 21:07:932 INFO  NewAndUsedCarPage :28 - Verifing new and UsedCar Text from element:[[ChromeDriver: chrome on WINDOWS (39c23ba0c59efe5d7f35cffd8baecc71)] -> xpath: //h1[contains(text(),'New & Used Car Search - carsguide')]]
2021-07-04 21:07:28 INFO  NewAndUsedCarPage :32 - Selecting Car Make from drop down menu list of select element[[ChromeDriver: chrome on WINDOWS (39c23ba0c59efe5d7f35cffd8baecc71)] -> xpath: //select[@id='makes']]
2021-07-04 21:07:378 INFO  NewAndUsedCarPage :36 - Selecting Car Model from dropdown menu list of Select element[[ChromeDriver: chrome on WINDOWS (39c23ba0c59efe5d7f35cffd8baecc71)] -> xpath:  //select[@id='models']]
2021-07-04 21:07:705 INFO  NewAndUsedCarPage :40 - Selecting Car Location from dropdown menu list of select element [[ChromeDriver: chrome on WINDOWS (39c23ba0c59efe5d7f35cffd8baecc71)] -> xpath: //select[@id='locations']]
2021-07-04 21:07:988 INFO  NewAndUsedCarPage :44 - Selecting car price from drop down menu list of select element[[ChromeDriver: chrome on WINDOWS (39c23ba0c59efe5d7f35cffd8baecc71)] -> xpath: //select[@id='priceTo']]
2021-07-04 21:07:219 INFO  NewAndUsedCarPage :48 - Clicking on Find My next car button [[ChromeDriver: chrome on WINDOWS (39c23ba0c59efe5d7f35cffd8baecc71)] -> xpath: //input[@id='search-submit']]
2021-07-04 21:07:981 INFO  BasePage :33 - Launching Chrome Browser 
2021-07-04 21:07:966 INFO  HomePage :19 - This will mouse hover on Buy + Sell Link [[ChromeDriver: chrome on WINDOWS (12b18bbd1205f18a6634051e243dad77)] -> xpath: //a[text()='buy + sell']]
2021-07-04 21:07:659 INFO  HomePage :23 - This will click on Search Cars Link [[ChromeDriver: chrome on WINDOWS (12b18bbd1205f18a6634051e243dad77)] -> xpath: //a[text()='Search Cars']]
2021-07-04 21:07:901 INFO  NewAndUsedCarPage :28 - Verifing new and UsedCar Text from element:[[ChromeDriver: chrome on WINDOWS (12b18bbd1205f18a6634051e243dad77)] -> xpath: //h1[contains(text(),'New & Used Car Search - carsguide')]]
2021-07-04 21:07:00 INFO  NewAndUsedCarPage :32 - Selecting Car Make from drop down menu list of select element[[ChromeDriver: chrome on WINDOWS (12b18bbd1205f18a6634051e243dad77)] -> xpath: //select[@id='makes']]
2021-07-04 21:07:262 INFO  NewAndUsedCarPage :36 - Selecting Car Model from dropdown menu list of Select element[[ChromeDriver: chrome on WINDOWS (12b18bbd1205f18a6634051e243dad77)] -> xpath:  //select[@id='models']]
2021-07-04 21:07:498 INFO  NewAndUsedCarPage :40 - Selecting Car Location from dropdown menu list of select element [[ChromeDriver: chrome on WINDOWS (12b18bbd1205f18a6634051e243dad77)] -> xpath: //select[@id='locations']]
2021-07-04 21:07:787 INFO  NewAndUsedCarPage :44 - Selecting car price from drop down menu list of select element[[ChromeDriver: chrome on WINDOWS (12b18bbd1205f18a6634051e243dad77)] -> xpath: //select[@id='priceTo']]
2021-07-04 21:07:996 INFO  NewAndUsedCarPage :48 - Clicking on Find My next car button [[ChromeDriver: chrome on WINDOWS (12b18bbd1205f18a6634051e243dad77)] -> xpath: //input[@id='search-submit']]
2021-07-04 21:07:560 INFO  BasePage :33 - Launching Chrome Browser 
2021-07-04 21:07:575 INFO  HomePage :19 - This will mouse hover on Buy + Sell Link [[ChromeDriver: chrome on WINDOWS (1b964c012a782e7fb211fc2e7894d1ea)] -> xpath: //a[text()='buy + sell']]
2021-07-04 21:07:974 INFO  HomePage :23 - This will click on Search Cars Link [[ChromeDriver: chrome on WINDOWS (1b964c012a782e7fb211fc2e7894d1ea)] -> xpath: //a[text()='Search Cars']]
2021-07-04 21:07:939 INFO  NewAndUsedCarPage :28 - Verifing new and UsedCar Text from element:[[ChromeDriver: chrome on WINDOWS (1b964c012a782e7fb211fc2e7894d1ea)] -> xpath: //h1[contains(text(),'New & Used Car Search - carsguide')]]
2021-07-04 21:07:17 INFO  NewAndUsedCarPage :32 - Selecting Car Make from drop down menu list of select element[[ChromeDriver: chrome on WINDOWS (1b964c012a782e7fb211fc2e7894d1ea)] -> xpath: //select[@id='makes']]
2021-07-04 21:07:266 INFO  NewAndUsedCarPage :36 - Selecting Car Model from dropdown menu list of Select element[[ChromeDriver: chrome on WINDOWS (1b964c012a782e7fb211fc2e7894d1ea)] -> xpath:  //select[@id='models']]
2021-07-04 21:07:554 INFO  NewAndUsedCarPage :40 - Selecting Car Location from dropdown menu list of select element [[ChromeDriver: chrome on WINDOWS (1b964c012a782e7fb211fc2e7894d1ea)] -> xpath: //select[@id='locations']]
2021-07-04 21:07:843 INFO  NewAndUsedCarPage :44 - Selecting car price from drop down menu list of select element[[ChromeDriver: chrome on WINDOWS (1b964c012a782e7fb211fc2e7894d1ea)] -> xpath: //select[@id='priceTo']]
2021-07-04 21:07:38 INFO  NewAndUsedCarPage :48 - Clicking on Find My next car button [[ChromeDriver: chrome on WINDOWS (1b964c012a782e7fb211fc2e7894d1ea)] -> xpath: //input[@id='search-submit']]
2021-07-04 21:07:93 INFO  BasePage :33 - Launching Chrome Browser 
2021-07-04 21:07:833 INFO  HomePage :19 - This will mouse hover on Buy + Sell Link [[ChromeDriver: chrome on WINDOWS (8fa16c55c52cc71859f85ed2d212e3fc)] -> xpath: //a[text()='buy + sell']]
2021-07-04 21:07:252 INFO  HomePage :23 - This will click on Search Cars Link [[ChromeDriver: chrome on WINDOWS (8fa16c55c52cc71859f85ed2d212e3fc)] -> xpath: //a[text()='Search Cars']]
2021-07-04 21:07:303 INFO  NewAndUsedCarPage :28 - Verifing new and UsedCar Text from element:[[ChromeDriver: chrome on WINDOWS (8fa16c55c52cc71859f85ed2d212e3fc)] -> xpath: //h1[contains(text(),'New & Used Car Search - carsguide')]]
2021-07-04 21:07:444 INFO  NewAndUsedCarPage :32 - Selecting Car Make from drop down menu list of select element[[ChromeDriver: chrome on WINDOWS (8fa16c55c52cc71859f85ed2d212e3fc)] -> xpath: //select[@id='makes']]
2021-07-04 21:07:698 INFO  NewAndUsedCarPage :36 - Selecting Car Model from dropdown menu list of Select element[[ChromeDriver: chrome on WINDOWS (8fa16c55c52cc71859f85ed2d212e3fc)] -> xpath:  //select[@id='models']]
2021-07-04 21:07:36 INFO  NewAndUsedCarPage :40 - Selecting Car Location from dropdown menu list of select element [[ChromeDriver: chrome on WINDOWS (8fa16c55c52cc71859f85ed2d212e3fc)] -> xpath: //select[@id='locations']]
2021-07-04 21:07:299 INFO  NewAndUsedCarPage :44 - Selecting car price from drop down menu list of select element[[ChromeDriver: chrome on WINDOWS (8fa16c55c52cc71859f85ed2d212e3fc)] -> xpath: //select[@id='priceTo']]
2021-07-04 21:07:507 INFO  NewAndUsedCarPage :48 - Clicking on Find My next car button [[ChromeDriver: chrome on WINDOWS (8fa16c55c52cc71859f85ed2d212e3fc)] -> xpath: //input[@id='search-submit']]
2021-07-04 21:07:190 INFO  BasePage :33 - Launching Chrome Browser 
2021-07-04 21:07:186 INFO  HomePage :19 - This will mouse hover on Buy + Sell Link [[ChromeDriver: chrome on WINDOWS (b7a98f2d5fb7d070d997a0963973df19)] -> xpath: //a[text()='buy + sell']]
2021-07-04 21:07:574 INFO  HomePage :23 - This will click on Search Cars Link [[ChromeDriver: chrome on WINDOWS (b7a98f2d5fb7d070d997a0963973df19)] -> xpath: //a[text()='Search Cars']]
2021-07-04 21:07:791 INFO  NewAndUsedCarPage :28 - Verifing new and UsedCar Text from element:[[ChromeDriver: chrome on WINDOWS (b7a98f2d5fb7d070d997a0963973df19)] -> xpath: //h1[contains(text(),'New & Used Car Search - carsguide')]]
2021-07-04 21:07:840 INFO  NewAndUsedCarPage :32 - Selecting Car Make from drop down menu list of select element[[ChromeDriver: chrome on WINDOWS (b7a98f2d5fb7d070d997a0963973df19)] -> xpath: //select[@id='makes']]
2021-07-04 21:07:85 INFO  NewAndUsedCarPage :36 - Selecting Car Model from dropdown menu list of Select element[[ChromeDriver: chrome on WINDOWS (b7a98f2d5fb7d070d997a0963973df19)] -> xpath:  //select[@id='models']]
2021-07-04 21:07:776 INFO  NewAndUsedCarPage :40 - Selecting Car Location from dropdown menu list of select element [[ChromeDriver: chrome on WINDOWS (b7a98f2d5fb7d070d997a0963973df19)] -> xpath: //select[@id='locations']]
2021-07-04 21:07:82 INFO  NewAndUsedCarPage :44 - Selecting car price from drop down menu list of select element[[ChromeDriver: chrome on WINDOWS (b7a98f2d5fb7d070d997a0963973df19)] -> xpath: //select[@id='priceTo']]
2021-07-04 21:07:240 INFO  NewAndUsedCarPage :48 - Clicking on Find My next car button [[ChromeDriver: chrome on WINDOWS (b7a98f2d5fb7d070d997a0963973df19)] -> xpath: //input[@id='search-submit']]
2021-07-04 21:07:835 INFO  BasePage :33 - Launching Chrome Browser 
2021-07-04 21:07:321 INFO  HomePage :19 - This will mouse hover on Buy + Sell Link [[ChromeDriver: chrome on WINDOWS (da950c193b299c79b841be2b159d831e)] -> xpath: //a[text()='buy + sell']]
2021-07-04 21:07:955 INFO  HomePage :23 - This will click on Search Cars Link [[ChromeDriver: chrome on WINDOWS (da950c193b299c79b841be2b159d831e)] -> xpath: //a[text()='Search Cars']]
2021-07-04 21:07:887 INFO  NewAndUsedCarPage :28 - Verifing new and UsedCar Text from element:[[ChromeDriver: chrome on WINDOWS (da950c193b299c79b841be2b159d831e)] -> xpath: //h1[contains(text(),'New & Used Car Search - carsguide')]]
2021-07-04 21:07:967 INFO  NewAndUsedCarPage :32 - Selecting Car Make from drop down menu list of select element[[ChromeDriver: chrome on WINDOWS (da950c193b299c79b841be2b159d831e)] -> xpath: //select[@id='makes']]
2021-07-04 21:07:252 INFO  NewAndUsedCarPage :36 - Selecting Car Model from dropdown menu list of Select element[[ChromeDriver: chrome on WINDOWS (da950c193b299c79b841be2b159d831e)] -> xpath:  //select[@id='models']]
2021-07-04 21:07:687 INFO  NewAndUsedCarPage :40 - Selecting Car Location from dropdown menu list of select element [[ChromeDriver: chrome on WINDOWS (da950c193b299c79b841be2b159d831e)] -> xpath: //select[@id='locations']]
2021-07-04 21:07:972 INFO  NewAndUsedCarPage :44 - Selecting car price from drop down menu list of select element[[ChromeDriver: chrome on WINDOWS (da950c193b299c79b841be2b159d831e)] -> xpath: //select[@id='priceTo']]
2021-07-04 21:07:135 INFO  NewAndUsedCarPage :48 - Clicking on Find My next car button [[ChromeDriver: chrome on WINDOWS (da950c193b299c79b841be2b159d831e)] -> xpath: //input[@id='search-submit']]
